<?xml version="1.0" encoding="UTF-8"?>
<!-- Generated by org.testng.reporters.JUnitReportReporter -->
<testsuite skipped="1" hostname="LAPTOP-1016HSRS" name="getRequest.Authetication" tests="2" failures="0" timestamp="22 Dec 2019 07:17:18 GMT" time="2.336" errors="0">
  <testcase name="authenticationTestThroughBase" time="2.336" classname="getRequest.Authetication"/>
  <testcase name="authenticationTest" classname="getRequest.Authetication">
    <skipped/>
  </testcase> <!-- authenticationTest -->
</testsuite> <!-- getRequest.Authetication -->
