<?xml version="1.0" encoding="UTF-8"?>
<!-- Generated by org.testng.reporters.JUnitReportReporter -->
<testsuite skipped="0" hostname="LAPTOP-1016HSRS" name="restAssuredTest.BasicValidations" tests="3" failures="0" timestamp="09 Feb 2020 18:33:25 GMT" time="2.864" errors="0">
  <testcase name="testParamsAndHeaders" time="1.845" classname="restAssuredTest.BasicValidations"/>
  <testcase name="testStatusCodeLogResponse" time="0.517" classname="restAssuredTest.BasicValidations"/>
  <testcase name="multipleContent" time="0.502" classname="restAssuredTest.BasicValidations"/>
</testsuite> <!-- restAssuredTest.BasicValidations -->
