<?xml version="1.0" encoding="UTF-8"?>
<!-- Generated by org.testng.reporters.JUnitReportReporter -->
<testsuite skipped="0" hostname="LAPTOP-1016HSRS" name="restAssuredTest.GET_Request" tests="1" failures="0" timestamp="09 Feb 2020 18:20:07 GMT" time="2.600" errors="0">
  <testcase name="getResponseTest" time="2.600" classname="restAssuredTest.GET_Request"/>
</testsuite> <!-- restAssuredTest.GET_Request -->
