<?xml version="1.0" encoding="UTF-8"?>
<!-- Generated by org.testng.reporters.JUnitReportReporter -->
<testsuite skipped="0" hostname="LAPTOP-1016HSRS" name="getRequest.PUTData" tests="1" failures="0" timestamp="22 Dec 2019 07:18:17 GMT" time="2.385" errors="0">
  <testcase name="postTest" time="2.385" classname="getRequest.PUTData"/>
</testsuite> <!-- getRequest.PUTData -->
