<?xml version="1.0" encoding="UTF-8"?>
<!-- Generated by org.testng.reporters.JUnitReportReporter -->
<testsuite skipped="0" hostname="LAPTOP-1016HSRS" name="restAssuredTest.DELETE_Request" tests="1" failures="0" timestamp="09 Feb 2020 16:25:29 GMT" time="2.133" errors="0">
  <testcase name="deleteData" time="2.133" classname="restAssuredTest.DELETE_Request"/>
</testsuite> <!-- restAssuredTest.DELETE_Request -->
