<?xml version="1.0" encoding="UTF-8"?>
<!-- Generated by org.testng.reporters.JUnitReportReporter -->
<testsuite skipped="0" hostname="LAPTOP-1016HSRS" name="getRequest.DeleteData" tests="1" failures="0" timestamp="22 Dec 2019 07:19:12 GMT" time="2.242" errors="0">
  <testcase name="deleteTest" time="2.242" classname="getRequest.DeleteData"/>
</testsuite> <!-- getRequest.DeleteData -->
