<?xml version="1.0" encoding="UTF-8"?>
<!-- Generated by org.testng.reporters.JUnitReportReporter -->
<testsuite skipped="0" hostname="LAPTOP-1016HSRS" name="restAssuredTest.PUT_Request" tests="1" failures="0" timestamp="09 Feb 2020 15:57:20 GMT" time="1.872" errors="0">
  <testcase name="postdata" time="1.872" classname="restAssuredTest.PUT_Request"/>
</testsuite> <!-- restAssuredTest.PUT_Request -->
