<?xml version="1.0" encoding="UTF-8"?>
<!-- Generated by org.testng.reporters.JUnitReportReporter -->
<testsuite skipped="0" hostname="LAPTOP-1016HSRS" name="getRequest.GetData" tests="2" failures="0" timestamp="16 Dec 2019 18:33:18 GMT" time="4.313" errors="0">
  <testcase name="testBody" time="3.236" classname="getRequest.GetData"/>
  <testcase name="testResponsecode" time="1.077" classname="getRequest.GetData"/>
</testsuite> <!-- getRequest.GetData -->
