<?xml version="1.0" encoding="UTF-8"?>
<!-- Generated by org.testng.reporters.JUnitReportReporter -->
<testsuite skipped="0" hostname="LAPTOP-1016HSRS" name="restAssuredTest.POST_Request" tests="1" failures="0" timestamp="09 Feb 2020 15:49:30 GMT" time="2.074" errors="0">
  <testcase name="postdata" time="2.074" classname="restAssuredTest.POST_Request"/>
</testsuite> <!-- restAssuredTest.POST_Request -->
