<?xml version="1.0" encoding="UTF-8"?>
<!-- Generated by org.testng.reporters.JUnitReportReporter -->
<testsuite skipped="0" hostname="LAPTOP-1016HSRS" name="getRequest.PostData" tests="1" failures="0" timestamp="22 Dec 2019 07:18:49 GMT" time="2.375" errors="0">
  <testcase name="postTest" time="2.375" classname="getRequest.PostData"/>
</testsuite> <!-- getRequest.PostData -->
