<?xml version="1.0" encoding="UTF-8"?>
<!-- Generated by org.testng.reporters.JUnitReportReporter -->
<testsuite skipped="0" hostname="LAPTOP-1016HSRS" name="getRequest.GetData2" tests="2" failures="0" timestamp="16 Dec 2019 18:40:37 GMT" time="5.542" errors="0">
  <testcase name="testResponsecode" time="0.964" classname="getRequest.GetData2"/>
  <testcase name="testBody" time="4.578" classname="getRequest.GetData2"/>
</testsuite> <!-- getRequest.GetData2 -->
